<?xml version="1.0" encoding="UTF-8"?>
<!-- Generated by org.testng.reporters.JUnitXMLReporter -->
<testsuite ignored="3" hostname="RVSKCH691LT" failures="0" tests="1" name="SecurityTestSample" time="50.789" errors="0" timestamp="2023-05-18T11:04:36 IST">
  <testcase classname="com.autobots.testcases.SampleSecurityTests" name="TC001_spiderScanOnTarget" time="50.684"/>
  <testcase classname="com.autobots.testcases.SampleSecurityTests" name="TC003_activeScanOnTarget" time="0.0">
    <ignored/>
  </testcase> <!-- TC003_activeScanOnTarget -->
  <testcase classname="com.autobots.testcases.SampleSecurityTests" name="TC002_spiderScanOnTargets" time="0.0">
    <ignored/>
  </testcase> <!-- TC002_spiderScanOnTargets -->
  <testcase classname="com.autobots.testcases.SampleSecurityTests" name="TC004_activeScanOnTargets" time="0.0">
    <ignored/>
  </testcase> <!-- TC004_activeScanOnTargets -->
</testsuite> <!-- SecurityTestSample -->
