<?xml version="1.0" encoding="UTF-8"?>
<testsuite xmlns:xsi="http://www.w3.org/2001/XMLSchema-instance" xsi:noNamespaceSchemaLocation="https://maven.apache.org/surefire/maven-surefire-plugin/xsd/surefire-test-report-3.0.xsd" version="3.0" name="TestSuite" time="51.5" tests="1" errors="0" skipped="0" failures="0">
  <properties>
[...]
</properties>
  <testcase name="TC001_spiderScanOnTarget" classname="com.autobots.testcases.SampleSecurityTests" time="50.686">
    <system-out><![CDATA[********************************************
Test case execution started for : TC001_spiderScanOnTarget
********************************************
URL: https://reqres.in/ added to the ZAP for scan operations
Spider on https://reqres.in/
Spider progress : 33%
Spider progress : 27%
Spider progress : 50%
Spider progress : 57%
Spider progress : 52%
Spider progress : 52%
Spider progress : 51%
Spider progress : 57%
Spider progress : 59%
Spider progress : 61%
Spider progress : 59%
Spider progress : 58%
Spider progress : 57%
Spider progress : 56%
Spider progress : 56%
Spider progress : 55%
Spider progress : 55%
Spider progress : 55%
Spider progress : 55%
Spider progress : 54%
Spider progress : 54%
Spider progress : 54%
Spider progress : 54%
Spider progress : 54%
Spider progress : 53%
Spider progress : 54%
Spider progress : 55%
Spider progress : 58%
Spider progress : 60%
Spider progress : 62%
Spider progress : 66%
Spider progress : 68%
Spider progress : 70%
Spider progress : 72%
Spider progress : 75%
Spider progress : 77%
Spider progress : 79%
Spider progress : 81%
Spider progress : 84%
Spider progress : 86%
Spider progress : 88%
Spider progress : 90%
Spider progress : 93%
Spider progress : 95%
Spider progress : 97%
Spider progress : 100%
Spider completed successfully
Generating the report
Report generated successfully at C:\Users\sanojs\Documents\autobots-security\Reports\Security_Execution_Reports\ReportName_2023-05-18_11-04-34.html
]]></system-out>
    <system-err><![CDATA[SLF4J: Failed to load class "org.slf4j.impl.StaticLoggerBinder".
SLF4J: Defaulting to no-operation (NOP) logger implementation
SLF4J: See http://www.slf4j.org/codes.html#StaticLoggerBinder for further details.
]]></system-err>
  </testcase>
</testsuite>